<?xml version="1.0" encoding="UTF-8"?>
<!-- Generated by org.testng.reporters.JUnitXMLReporter -->
<testsuite hostname="DESKTOP-Q3OL5F5" ignored="0" name="ResolverTest" tests="6" failures="1" timestamp="02 Feb 2023 17:54:03 GMT" time="36.101" errors="0">
  <testcase name="test1" time="5.916" classname="resolverAssessment.TestCases.test1_page"/>
  <testcase name="test2" time="0.368" classname="resolverAssessment.TestCases.test2_page"/>
  <testcase name="test3" time="0.419" classname="resolverAssessment.TestCases.test3_page">
    <failure type="java.lang.AssertionError" message=" Selected option is not option 3 expected [Option 3] but found []">
      <![CDATA[java.lang.AssertionError:  Selected option is not option 3 expected [Option 3] but found []
at resolverAssessment.TestCases.test3_page.test3(test3_page.java:23)
... Removed 34 stack frames]]>
    </failure>
  </testcase> <!-- test3 -->
  <testcase name="test4" time="0.377" classname="resolverAssessment.TestCases.test4_page"/>
  <testcase name="test5" time="7.652" classname="resolverAssessment.TestCases.test5_page"/>
  <testcase name="test6" time="5.524" classname="resolverAssessment.TestCases.test6_page"/>
</testsuite> <!-- ResolverTest -->
